<?xml version="1.0" encoding="UTF-8"?>
<Site BuildName="(empty)"
	BuildStamp="20240621-1036-Experimental"
	Name="MADlaptop"
	Generator="ctest-3.22.1"
	CompilerName="/usr/bin/c++"
	CompilerVersion="11.4.0"
	OSName="Linux"
	Hostname="MADlaptop"
	OSRelease="5.15.153.1-microsoft-standard-WSL2"
	OSVersion="#1 SMP Fri Mar 29 23:14:13 UTC 2024"
	OSPlatform="x86_64"
	Is64Bits="1"
	VendorString="AuthenticAMD"
	VendorID="Advanced Micro Devices"
	FamilyID="25"
	ModelID="80"
	ProcessorCacheSize="512"
	NumberOfLogicalCPU="16"
	NumberOfPhysicalCPU="8"
	TotalVirtualMemory="2048"
	TotalPhysicalMemory="7870"
	LogicalProcessorsPerPhysical="2"
	ProcessorClockFrequency="3193.91"
	>
	<Testing>
		<StartDateTime>Jun 21 12:36 CEST</StartDateTime>
		<StartTestTime>1718966212</StartTestTime>
		<TestList/>
		<EndDateTime>Jun 21 12:36 CEST</EndDateTime>
		<EndTestTime>1718966212</EndTestTime>
		<ElapsedMinutes>0</ElapsedMinutes>
	</Testing>
</Site>
